{
  "0 debug pnpm:scope": {
    "selected": 1,
    "workspacePrefix": "/Users/lw70972/repos/github/next-auth"
  },
  "1 error pnpm": {
    "errno": 1,
    "code": "ELIFECYCLE",
    "pkgid": "root@0.0.0",
    "stage": "dev",
    "script": "pnpm run dev:app",
    "pkgname": "root",
    "err": {
      "name": "pnpm",
      "message": "root@0.0.0 dev: `pnpm run dev:app`\nExit status 1",
      "code": "ELIFECYCLE",
      "stack": "pnpm: root@0.0.0 dev: `pnpm run dev:app`\nExit status 1\n    at EventEmitter.<anonymous> (/usr/local/Cellar/pnpm/6.32.8/libexec/lib/node_modules/pnpm/dist/pnpm.cjs:105794:20)\n    at EventEmitter.emit (events.js:400:28)\n    at ChildProcess.<anonymous> (/usr/local/Cellar/pnpm/6.32.8/libexec/lib/node_modules/pnpm/dist/pnpm.cjs:92355:18)\n    at ChildProcess.emit (events.js:400:28)\n    at maybeClose (internal/child_process.js:1055:16)\n    at Process.ChildProcess._handle.onexit (internal/child_process.js:288:5)"
    }
  },
  "2 warn pnpm:global": " Local package.json exists, but node_modules missing, did you mean to install?"
}